testing $random e23cbb39
[UART] UART0 is here (stdin/stdout).
C0:         19 [1] pc=[0000000000010000] W[r10=0000000000010000][1] R[r 0=0000000000000000] R[r 0=0000000000000000] inst=[00000517] DASM(00000517)
C0:         20 [1] pc=[0000000000010004] W[r10=0000000000010040][1] R[r10=0000000000010000] R[r 0=0000000000000000] inst=[04050513] DASM(04050513)
C0:         21 [1] pc=[0000000000010008] W[r 0=0000000000000000][1] R[r10=0000000000010040] R[r 0=0000000000000000] inst=[30551073] DASM(30551073)
C0:         26 [1] pc=[000000000001000c] W[r 5=800000000094112d][1] R[r 0=0000000000000000] R[r 0=0000000000000000] inst=[301022f3] DASM(301022f3)
C0:         29 [1] pc=[0000000000010010] W[r 5=ffffe00000000025][1] R[r 5=800000000094112d] R[r 0=0000000000000000] inst=[4122d293] DASM(4122d293)
C0:         30 [1] pc=[0000000000010014] W[r 5=0000000000000001][1] R[r 5=ffffe00000000025] R[r 0=0000000000000000] inst=[0012f293] DASM(0012f293)
C0:         31 [1] pc=[0000000000010018] W[r 0=0000000000000000][0] R[r 5=0000000000000001] R[r 0=0000000000000000] inst=[00028863] DASM(00028863)
C0:         32 [1] pc=[000000000001001c] W[r 0=0000000000000220][1] R[r 0=0000000000000000] R[r 0=0000000000000000] inst=[30301073] DASM(30301073)
C0:         37 [1] pc=[0000000000010020] W[r10=0000000000000222][1] R[r 0=0000000000000000] R[r 0=0000000000000000] inst=[22200513] DASM(22200513)
C0:         38 [1] pc=[0000000000010024] W[r 0=0000000000000220][1] R[r10=0000000000000222] R[r 0=0000000000000000] inst=[34453073] DASM(34453073)
C0:         43 [1] pc=[0000000000010028] W[r10=0000000000000008][1] R[r 0=0000000000000000] R[r 0=0000000000000000] inst=[00800513] DASM(00800513)
C0:         44 [1] pc=[000000000001002c] W[r 0=e449b1b2d08f62e2][1] R[r10=0000000000000008] R[r 0=0000000000000000] inst=[30451073] DASM(30451073)
C0:         49 [1] pc=[0000000000010030] W[r 0=8000000a00019800][1] R[r10=0000000000000008] R[r 0=0000000000000000] inst=[30052073] DASM(30052073)
C0:         54 [1] pc=[0000000000010034] W[r 0=0000000000000000][0] R[r 0=0000000000000000] R[r 0=0000000000000000] inst=[10500073] DASM(10500073)
C0:         57 [0] pc=[0000000000010038] W[r 0=0000000000000000][0] R[r31=0000000000000008] R[r 0=0000000000000000] inst=[ffdff06f] DASM(ffdff06f)
C0:         76 [1] pc=[0000000000010040] W[r11=0000000002000000][1] R[r 0=0000000000000000] R[r 0=0000000000000000] inst=[020005b7] DASM(020005b7)
C0:         77 [1] pc=[0000000000010044] W[r10=0000000000000000][1] R[r 0=0000000000000000] R[r 0=0000000000000000] inst=[f1402573] DASM(f1402573)
C0:         80 [1] pc=[0000000000010048] W[r 0=0000000000000000][0] R[r10=0000000000000000] R[r 0=0000000000000000] inst=[00050463] DASM(00050463)
C0:         84 [1] pc=[0000000000010050] W[r12=0000000002000004][1] R[r11=0000000002000000] R[r 0=0000000000000000] inst=[00458613] DASM(00458613)
C0:         85 [1] pc=[0000000000010054] W[r13=0000000000000001][1] R[r 0=0000000000000000] R[r 0=0000000000000000] inst=[00100693] DASM(00100693)
C0:         86 [1] pc=[0000000000010058] W[r 0=0000000000000000][0] R[r12=0000000002000004] R[r13=0000000000000001] inst=[00d62023] DASM(00d62023)
C0:         87 [1] pc=[000000000001005c] W[r12=0000000002000008][1] R[r12=0000000002000004] R[r 0=0000000000000000] inst=[00460613] DASM(00460613)
C0:         93 [1] pc=[0000000000010060] W[r13=0000000000000000][0] R[r12=0000000002000008] R[r 0=0000000000000000] inst=[ffc62683] DASM(ffc62683)
C0:        101 [1] pc=[0000000000010064] W[r 0=0000000000000000][0] R[r13=0000000000000000] R[r 0=0000000000000000] inst=[fe069ae3] DASM(fe069ae3)
C0:        102 [1] pc=[0000000000010068] W[r 0=000000000001006c][1] R[r 0=0000000000000000] R[r 0=0000000000000000] inst=[02c0006f] DASM(02c0006f)
C0:        122 [1] pc=[0000000000010094] W[r 0=0000000000000000][0] R[r11=0000000002000000] R[r 0=0000000000000000] inst=[0005a023] DASM(0005a023)
C0:        123 [1] pc=[0000000000010098] W[r10=0000000000001000][1] R[r 0=0000000000000000] R[r 0=0000000000000000] inst=[00001537] DASM(00001537)
C0:        129 [1] pc=[000000000001009c] W[r10=0000000000000000][0] R[r10=0000000000001000] R[r 0=0000000000000000] inst=[00053503] DASM(00053503)
C0:        141 [1] pc=[00000000000100a0] W[r 0=0000000000010038][1] R[r10=0000000080000000] R[r 0=0000000000000000] inst=[34151073] DASM(34151073)
C0:        142 [1] pc=[00000000000100a4] W[r10=0000000000000000][1] R[r 0=0000000000000000] R[r 0=0000000000000000] inst=[f1402573] DASM(f1402573)
C0:        143 [1] pc=[00000000000100a8] W[r11=00000000000100a8][1] R[r 0=0000000000000000] R[r 0=0000000000000000] inst=[00000597] DASM(00000597)
C0:        144 [1] pc=[00000000000100ac] W[r11=00000000000100c0][1] R[r11=00000000000100a8] R[r 0=0000000000000000] inst=[01858593] DASM(01858593)
C0:        145 [1] pc=[00000000000100b0] W[r12=0000000000000080][1] R[r 0=0000000000000000] R[r 0=0000000000000000] inst=[08000613] DASM(08000613)
C0:        146 [1] pc=[00000000000100b4] W[r 0=8000000a00019880][1] R[r12=0000000000000080] R[r 0=0000000000000000] inst=[30063073] DASM(30063073)
C0:        151 [1] pc=[00000000000100b8] W[r 0=0000000000000000][0] R[r 0=0000000000000000] R[r 0=0000000000000000] inst=[30200073] DASM(30200073)
C0:        172 [1] pc=[0000000080000000] W[r 2=0000000000008000][1] R[r 0=0000000000000000] R[r 0=0000000000000000] inst=[00008137] DASM(00008137)
C0:        173 [1] pc=[0000000080000004] W[r 2=0000000000008001][1] R[r 2=0000000000008000] R[r 0=0000000000000000] inst=[00002105] DASM(00002105)
C0:        174 [1] pc=[0000000080000006] W[r 2=0000000080010000][1] R[r 2=0000000000008001] R[r 0=0000000000000000] inst=[00000142] DASM(00000142)
C0:        175 [1] pc=[0000000080000008] W[r 0=000000008000000c][1] R[r 0=0000000000000000] R[r 0=0000000000000000] inst=[08c0006f] DASM(08c0006f)
C0:        197 [1] pc=[0000000080000094] W[r11=000000000000a000][1] R[r 0=0000000000000000] R[r 0=0000000000000000] inst=[000065a9] DASM(000065a9)
C0:        198 [1] pc=[0000000080000096] W[r12=0000000000008000][1] R[r 0=0000000000000000] R[r 0=0000000000000000] inst=[00006621] DASM(00006621)
C0:        199 [1] pc=[0000000080000098] W[r11=0000000000009b74][1] R[r11=000000000000a000] R[r 0=0000000000000000] inst=[b7458593] DASM(b7458593)
C0:        200 [1] pc=[000000008000009c] W[r12=000000000000860b][1] R[r12=0000000000008000] R[r 0=0000000000000000] inst=[60b60613] DASM(60b60613)
C0:        201 [1] pc=[00000000800000a0] W[r10=0000000000000000][0] R[r11=0000000000009b74] R[r12=000000000000860b] inst=[00c5f50b] DASM(00c5f50b)

[HW] START: x=     39796, z=     34315
C0:        202 [1] pc=[00000000800000a4] W[r15=0000000000000001][1] R[r 0=0000000000000000] R[r 0=0000000000000000] inst=[00004785] DASM(00004785)
[HW] STEP  0: x=      39796, y=          0, z=      34315
C0:        203 [1] pc=[00000000800000a6] W[r14=00000000800010a6][1] R[r 0=0000000000000000] R[r 0=0000000000000000] inst=[00001717] DASM(00001717)
[HW] STEP  1: x=      39796, y=      39796, z=     -17157
[HW] STEP  2: x=      59694, y=      19898, z=      13229
[HW] STEP  3: x=      54720, y=      34821, z=      -2826
[HW] STEP  4: x=      59072, y=      27981, z=       5324
[HW] STEP  5: x=      57324, y=      31673, z=       1233
[HW] STEP  6: x=      56335, y=      33464, z=       -814
[HW] STEP  7: x=      56857, y=      32584, z=        210
[HW] STEP  8: x=      56603, y=      33028, z=       -302
[HW] STEP  9: x=      56732, y=      32807, z=        -46
[HW] STEP 10: x=      56796, y=      32697, z=         82
[HW] STEP 11: x=      56765, y=      32752, z=         18
[HW] STEP 12: x=      56750, y=      32779, z=        -14
[HW] STEP 13: x=      56758, y=      32766, z=          2
[HW] STEP 14: x=      56755, y=      32772, z=         -6
[HW] STEP 15: x=      56757, y=      32769, z=         -2
[HW] STEP 16: x=      56758, y=      32768, z=          0
[HW] STEP 17: x=      56758, y=      32768, z=         -1
[HW] STEP 18: x=      56758, y=      32768, z=         -1
C0:        221 [1] pc=[00000000800000aa] W[r 0=0000000000000000][0] R[r14=00000000800010a6] R[r15=0000000000000001] inst=[f4f73d23] DASM(f4f73d23)
[HW] STEP 19: x=      56758, y=      32768, z=         -1
C0:        222 [1] pc=[00000000800000ae] W[r 0=00000000800000b0][1] R[r 0=0000000000000000] R[r 0=0000000000000000] inst=[0000a001] DASM(0000a001)
[HW] STEP 20: x=      56758, y=      32768, z=         -1
C0:        223 [1] pc=[00000000800000ae] W[r 0=00000000800000b0][1] R[r 0=0000000000000000] R[r 0=0000000000000000] inst=[0000a001] DASM(0000a001)
[HW] STEP 21: x=      56758, y=      32768, z=         -1
C0:        224 [1] pc=[00000000800000ae] W[r 0=00000000800000b0][1] R[r 0=0000000000000000] R[r 0=0000000000000000] inst=[0000a001] DASM(0000a001)
[HW] STEP 22: x=      56758, y=      32768, z=         -1
C0:        225 [1] pc=[00000000800000ae] W[r 0=00000000800000b0][1] R[r 0=0000000000000000] R[r 0=0000000000000000] inst=[0000a001] DASM(0000a001)
[HW] STEP 23: x=      56758, y=      32768, z=         -1
C0:        226 [1] pc=[00000000800000ae] W[r 0=00000000800000b0][1] R[r 0=0000000000000000] R[r 0=0000000000000000] inst=[0000a001] DASM(0000a001)
[HW] STEP 24: x=      56758, y=      32768, z=         -1
C0:        227 [1] pc=[00000000800000ae] W[r 0=00000000800000b0][1] R[r 0=0000000000000000] R[r 0=0000000000000000] inst=[0000a001] DASM(0000a001)
[HW] STEP 25: x=      56758, y=      32768, z=         -1
C0:        228 [1] pc=[00000000800000ae] W[r 0=00000000800000b0][1] R[r 0=0000000000000000] R[r 0=0000000000000000] inst=[0000a001] DASM(0000a001)
[HW] STEP 26: x=      56758, y=      32768, z=         -1
C0:        229 [1] pc=[00000000800000ae] W[r 0=00000000800000b0][1] R[r 0=0000000000000000] R[r 0=0000000000000000] inst=[0000a001] DASM(0000a001)
[HW] STEP 27: x=      56758, y=      32768, z=         -1
[HW] STEP 28: x=      56758, y=      32768, z=         -1
C0:        231 [1] pc=[00000000800000ae] W[r 0=00000000800000b0][1] R[r 0=0000000000000000] R[r 0=0000000000000000] inst=[0000a001] DASM(0000a001)
[HW] STEP 29: x=      56758, y=      32768, z=         -1
[HW] STEP 30: x=      56758, y=      32768, z=         -1
C0:        233 [1] pc=[00000000800000ae] W[r 0=00000000800000b0][1] R[r 0=0000000000000000] R[r 0=0000000000000000] inst=[0000a001] DASM(0000a001)
[HW] STEP 31: x=      56758, y=      32768, z=         -1
C0:        235 [1] pc=[00000000800000ae] W[r 0=00000000800000b0][1] R[r 0=0000000000000000] R[r 0=0000000000000000] inst=[0000a001] DASM(0000a001)
C0:        237 [1] pc=[00000000800000ae] W[r 0=00000000800000b0][1] R[r 0=0000000000000000] R[r 0=0000000000000000] inst=[0000a001] DASM(0000a001)
C0:        239 [1] pc=[00000000800000ae] W[r 0=00000000800000b0][1] R[r 0=0000000000000000] R[r 0=0000000000000000] inst=[0000a001] DASM(0000a001)
C0:        241 [1] pc=[00000000800000ae] W[r 0=00000000800000b0][1] R[r 0=0000000000000000] R[r 0=0000000000000000] inst=[0000a001] DASM(0000a001)
C0:        243 [1] pc=[00000000800000ae] W[r 0=00000000800000b0][1] R[r 0=0000000000000000] R[r 0=0000000000000000] inst=[0000a001] DASM(0000a001)
C0:        245 [1] pc=[00000000800000ae] W[r 0=00000000800000b0][1] R[r 0=0000000000000000] R[r 0=0000000000000000] inst=[0000a001] DASM(0000a001)
C0:        247 [1] pc=[00000000800000ae] W[r 0=00000000800000b0][1] R[r 0=0000000000000000] R[r 0=0000000000000000] inst=[0000a001] DASM(0000a001)
C0:        249 [1] pc=[00000000800000ae] W[r 0=00000000800000b0][1] R[r 0=0000000000000000] R[r 0=0000000000000000] inst=[0000a001] DASM(0000a001)
C0:        251 [1] pc=[00000000800000ae] W[r 0=00000000800000b0][1] R[r 0=0000000000000000] R[r 0=0000000000000000] inst=[0000a001] DASM(0000a001)
C0:        253 [1] pc=[00000000800000ae] W[r 0=00000000800000b0][1] R[r 0=0000000000000000] R[r 0=0000000000000000] inst=[0000a001] DASM(0000a001)
C0:        255 [1] pc=[00000000800000ae] W[r 0=00000000800000b0][1] R[r 0=0000000000000000] R[r 0=0000000000000000] inst=[0000a001] DASM(0000a001)
C0:        257 [1] pc=[00000000800000ae] W[r 0=00000000800000b0][1] R[r 0=0000000000000000] R[r 0=0000000000000000] inst=[0000a001] DASM(0000a001)
C0:        259 [1] pc=[00000000800000ae] W[r 0=00000000800000b0][1] R[r 0=0000000000000000] R[r 0=0000000000000000] inst=[0000a001] DASM(0000a001)
C0:        261 [1] pc=[00000000800000ae] W[r 0=00000000800000b0][1] R[r 0=0000000000000000] R[r 0=0000000000000000] inst=[0000a001] DASM(0000a001)
C0:        263 [1] pc=[00000000800000ae] W[r 0=00000000800000b0][1] R[r 0=0000000000000000] R[r 0=0000000000000000] inst=[0000a001] DASM(0000a001)
C0:        265 [1] pc=[00000000800000ae] W[r 0=00000000800000b0][1] R[r 0=0000000000000000] R[r 0=0000000000000000] inst=[0000a001] DASM(0000a001)
C0:        267 [1] pc=[00000000800000ae] W[r 0=00000000800000b0][1] R[r 0=0000000000000000] R[r 0=0000000000000000] inst=[0000a001] DASM(0000a001)
C0:        269 [1] pc=[00000000800000ae] W[r 0=00000000800000b0][1] R[r 0=0000000000000000] R[r 0=0000000000000000] inst=[0000a001] DASM(0000a001)
C0:        271 [1] pc=[00000000800000ae] W[r 0=00000000800000b0][1] R[r 0=0000000000000000] R[r 0=0000000000000000] inst=[0000a001] DASM(0000a001)
C0:        273 [1] pc=[00000000800000ae] W[r 0=00000000800000b0][1] R[r 0=0000000000000000] R[r 0=0000000000000000] inst=[0000a001] DASM(0000a001)
C0:        275 [1] pc=[00000000800000ae] W[r 0=00000000800000b0][1] R[r 0=0000000000000000] R[r 0=0000000000000000] inst=[0000a001] DASM(0000a001)
C0:        277 [1] pc=[00000000800000ae] W[r 0=00000000800000b0][1] R[r 0=0000000000000000] R[r 0=0000000000000000] inst=[0000a001] DASM(0000a001)
C0:        279 [1] pc=[00000000800000ae] W[r 0=00000000800000b0][1] R[r 0=0000000000000000] R[r 0=0000000000000000] inst=[0000a001] DASM(0000a001)
C0:        281 [1] pc=[00000000800000ae] W[r 0=00000000800000b0][1] R[r 0=0000000000000000] R[r 0=0000000000000000] inst=[0000a001] DASM(0000a001)
C0:        283 [1] pc=[00000000800000ae] W[r 0=00000000800000b0][1] R[r 0=0000000000000000] R[r 0=0000000000000000] inst=[0000a001] DASM(0000a001)
C0:        285 [1] pc=[00000000800000ae] W[r 0=00000000800000b0][1] R[r 0=0000000000000000] R[r 0=0000000000000000] inst=[0000a001] DASM(0000a001)
C0:        287 [1] pc=[00000000800000ae] W[r 0=00000000800000b0][1] R[r 0=0000000000000000] R[r 0=0000000000000000] inst=[0000a001] DASM(0000a001)
C0:        289 [1] pc=[00000000800000ae] W[r 0=00000000800000b0][1] R[r 0=0000000000000000] R[r 0=0000000000000000] inst=[0000a001] DASM(0000a001)
C0:        291 [1] pc=[00000000800000ae] W[r 0=00000000800000b0][1] R[r 0=0000000000000000] R[r 0=0000000000000000] inst=[0000a001] DASM(0000a001)
C0:        293 [1] pc=[00000000800000ae] W[r 0=00000000800000b0][1] R[r 0=0000000000000000] R[r 0=0000000000000000] inst=[0000a001] DASM(0000a001)
C0:        295 [1] pc=[00000000800000ae] W[r 0=00000000800000b0][1] R[r 0=0000000000000000] R[r 0=0000000000000000] inst=[0000a001] DASM(0000a001)
C0:        297 [1] pc=[00000000800000ae] W[r 0=00000000800000b0][1] R[r 0=0000000000000000] R[r 0=0000000000000000] inst=[0000a001] DASM(0000a001)
C0:        299 [1] pc=[00000000800000ae] W[r 0=00000000800000b0][1] R[r 0=0000000000000000] R[r 0=0000000000000000] inst=[0000a001] DASM(0000a001)
C0:        301 [1] pc=[00000000800000ae] W[r 0=00000000800000b0][1] R[r 0=0000000000000000] R[r 0=0000000000000000] inst=[0000a001] DASM(0000a001)
C0:        303 [1] pc=[00000000800000ae] W[r 0=00000000800000b0][1] R[r 0=0000000000000000] R[r 0=0000000000000000] inst=[0000a001] DASM(0000a001)
C0:        305 [1] pc=[00000000800000ae] W[r 0=00000000800000b0][1] R[r 0=0000000000000000] R[r 0=0000000000000000] inst=[0000a001] DASM(0000a001)
C0:        307 [1] pc=[00000000800000ae] W[r 0=00000000800000b0][1] R[r 0=0000000000000000] R[r 0=0000000000000000] inst=[0000a001] DASM(0000a001)
C0:        309 [1] pc=[00000000800000ae] W[r 0=00000000800000b0][1] R[r 0=0000000000000000] R[r 0=0000000000000000] inst=[0000a001] DASM(0000a001)
C0:        311 [1] pc=[00000000800000ae] W[r 0=00000000800000b0][1] R[r 0=0000000000000000] R[r 0=0000000000000000] inst=[0000a001] DASM(0000a001)
C0:        313 [1] pc=[00000000800000ae] W[r 0=00000000800000b0][1] R[r 0=0000000000000000] R[r 0=0000000000000000] inst=[0000a001] DASM(0000a001)
C0:        315 [1] pc=[00000000800000ae] W[r 0=00000000800000b0][1] R[r 0=0000000000000000] R[r 0=0000000000000000] inst=[0000a001] DASM(0000a001)
C0:        317 [1] pc=[00000000800000ae] W[r 0=00000000800000b0][1] R[r 0=0000000000000000] R[r 0=0000000000000000] inst=[0000a001] DASM(0000a001)
C0:        319 [1] pc=[00000000800000ae] W[r 0=00000000800000b0][1] R[r 0=0000000000000000] R[r 0=0000000000000000] inst=[0000a001] DASM(0000a001)
C0:        321 [1] pc=[00000000800000ae] W[r 0=00000000800000b0][1] R[r 0=0000000000000000] R[r 0=0000000000000000] inst=[0000a001] DASM(0000a001)
C0:        323 [1] pc=[00000000800000ae] W[r 0=00000000800000b0][1] R[r 0=0000000000000000] R[r 0=0000000000000000] inst=[0000a001] DASM(0000a001)
C0:        325 [1] pc=[00000000800000ae] W[r 0=00000000800000b0][1] R[r 0=0000000000000000] R[r 0=0000000000000000] inst=[0000a001] DASM(0000a001)
C0:        327 [1] pc=[00000000800000ae] W[r 0=00000000800000b0][1] R[r 0=0000000000000000] R[r 0=0000000000000000] inst=[0000a001] DASM(0000a001)
C0:        329 [1] pc=[00000000800000ae] W[r 0=00000000800000b0][1] R[r 0=0000000000000000] R[r 0=0000000000000000] inst=[0000a001] DASM(0000a001)
C0:        331 [1] pc=[00000000800000ae] W[r 0=00000000800000b0][1] R[r 0=0000000000000000] R[r 0=0000000000000000] inst=[0000a001] DASM(0000a001)
C0:        333 [1] pc=[00000000800000ae] W[r 0=00000000800000b0][1] R[r 0=0000000000000000] R[r 0=0000000000000000] inst=[0000a001] DASM(0000a001)
C0:        335 [1] pc=[00000000800000ae] W[r 0=00000000800000b0][1] R[r 0=0000000000000000] R[r 0=0000000000000000] inst=[0000a001] DASM(0000a001)
C0:        337 [1] pc=[00000000800000ae] W[r 0=00000000800000b0][1] R[r 0=0000000000000000] R[r 0=0000000000000000] inst=[0000a001] DASM(0000a001)
C0:        339 [1] pc=[00000000800000ae] W[r 0=00000000800000b0][1] R[r 0=0000000000000000] R[r 0=0000000000000000] inst=[0000a001] DASM(0000a001)
C0:        341 [1] pc=[00000000800000ae] W[r 0=00000000800000b0][1] R[r 0=0000000000000000] R[r 0=0000000000000000] inst=[0000a001] DASM(0000a001)
C0:        343 [1] pc=[00000000800000ae] W[r 0=00000000800000b0][1] R[r 0=0000000000000000] R[r 0=0000000000000000] inst=[0000a001] DASM(0000a001)
C0:        345 [1] pc=[00000000800000ae] W[r 0=00000000800000b0][1] R[r 0=0000000000000000] R[r 0=0000000000000000] inst=[0000a001] DASM(0000a001)
C0:        347 [1] pc=[00000000800000ae] W[r 0=00000000800000b0][1] R[r 0=0000000000000000] R[r 0=0000000000000000] inst=[0000a001] DASM(0000a001)
C0:        349 [1] pc=[00000000800000ae] W[r 0=00000000800000b0][1] R[r 0=0000000000000000] R[r 0=0000000000000000] inst=[0000a001] DASM(0000a001)
C0:        351 [1] pc=[00000000800000ae] W[r 0=00000000800000b0][1] R[r 0=0000000000000000] R[r 0=0000000000000000] inst=[0000a001] DASM(0000a001)
C0:        353 [1] pc=[00000000800000ae] W[r 0=00000000800000b0][1] R[r 0=0000000000000000] R[r 0=0000000000000000] inst=[0000a001] DASM(0000a001)
C0:        355 [1] pc=[00000000800000ae] W[r 0=00000000800000b0][1] R[r 0=0000000000000000] R[r 0=0000000000000000] inst=[0000a001] DASM(0000a001)
C0:        357 [1] pc=[00000000800000ae] W[r 0=00000000800000b0][1] R[r 0=0000000000000000] R[r 0=0000000000000000] inst=[0000a001] DASM(0000a001)
C0:        359 [1] pc=[00000000800000ae] W[r 0=00000000800000b0][1] R[r 0=0000000000000000] R[r 0=0000000000000000] inst=[0000a001] DASM(0000a001)
C0:        361 [1] pc=[00000000800000ae] W[r 0=00000000800000b0][1] R[r 0=0000000000000000] R[r 0=0000000000000000] inst=[0000a001] DASM(0000a001)
C0:        363 [1] pc=[00000000800000ae] W[r 0=00000000800000b0][1] R[r 0=0000000000000000] R[r 0=0000000000000000] inst=[0000a001] DASM(0000a001)
C0:        365 [1] pc=[00000000800000ae] W[r 0=00000000800000b0][1] R[r 0=0000000000000000] R[r 0=0000000000000000] inst=[0000a001] DASM(0000a001)
C0:        367 [1] pc=[00000000800000ae] W[r 0=00000000800000b0][1] R[r 0=0000000000000000] R[r 0=0000000000000000] inst=[0000a001] DASM(0000a001)
C0:        369 [1] pc=[00000000800000ae] W[r 0=00000000800000b0][1] R[r 0=0000000000000000] R[r 0=0000000000000000] inst=[0000a001] DASM(0000a001)
C0:        371 [1] pc=[00000000800000ae] W[r 0=00000000800000b0][1] R[r 0=0000000000000000] R[r 0=0000000000000000] inst=[0000a001] DASM(0000a001)
C0:        373 [1] pc=[00000000800000ae] W[r 0=00000000800000b0][1] R[r 0=0000000000000000] R[r 0=0000000000000000] inst=[0000a001] DASM(0000a001)
C0:        375 [1] pc=[00000000800000ae] W[r 0=00000000800000b0][1] R[r 0=0000000000000000] R[r 0=0000000000000000] inst=[0000a001] DASM(0000a001)
C0:        377 [1] pc=[00000000800000ae] W[r 0=00000000800000b0][1] R[r 0=0000000000000000] R[r 0=0000000000000000] inst=[0000a001] DASM(0000a001)
*** PASSED *** Completed after                18096 simulation cycles
- /home/haunguyen1403/chipyard/sims/verilator/generated-src/chipyard.harness.TestHarness.CordicRocketConfig/gen-collateral/TestDriver.v:158: Verilog $finish
